f:\c++ проекты\steam_check_sale_bot\steam_check_sale_bot\x64\debug\vc143.pdb
f:\c++ проекты\steam_check_sale_bot\steam_check_sale_bot\x64\debug\vc143.idb
f:\c++ проекты\steam_check_sale_bot\steam_check_sale_bot\x64\debug\support_function.obj
f:\c++ проекты\steam_check_sale_bot\steam_check_sale_bot\x64\debug\saver_8bytes_var.obj
f:\c++ проекты\steam_check_sale_bot\steam_check_sale_bot\x64\debug\profile_function.obj
f:\c++ проекты\steam_check_sale_bot\steam_check_sale_bot\x64\debug\main_menu.obj
f:\c++ проекты\steam_check_sale_bot\steam_check_sale_bot\x64\debug\main.obj
f:\c++ проекты\steam_check_sale_bot\steam_check_sale_bot\x64\debug\functions.obj
f:\c++ проекты\steam_check_sale_bot\steam_check_sale_bot\x64\debug\dir_creator.obj
f:\c++ проекты\steam_check_sale_bot\x64\debug\steam_check_sale_bot.exe
f:\c++ проекты\steam_check_sale_bot\x64\debug\steam_check_sale_bot.pdb
f:\c++ проекты\steam_check_sale_bot\steam_check_sale_bot\x64\debug\steam_check_sale_bot.ilk
f:\c++ проекты\steam_check_sale_bot\steam_check_sale_bot\x64\debug\steam_ch.531ccd82.tlog\cl.command.1.tlog
f:\c++ проекты\steam_check_sale_bot\steam_check_sale_bot\x64\debug\steam_ch.531ccd82.tlog\cl.items.tlog
f:\c++ проекты\steam_check_sale_bot\steam_check_sale_bot\x64\debug\steam_ch.531ccd82.tlog\cl.read.1.tlog
f:\c++ проекты\steam_check_sale_bot\steam_check_sale_bot\x64\debug\steam_ch.531ccd82.tlog\cl.write.1.tlog
f:\c++ проекты\steam_check_sale_bot\steam_check_sale_bot\x64\debug\steam_ch.531ccd82.tlog\link.command.1.tlog
f:\c++ проекты\steam_check_sale_bot\steam_check_sale_bot\x64\debug\steam_ch.531ccd82.tlog\link.read.1.tlog
f:\c++ проекты\steam_check_sale_bot\steam_check_sale_bot\x64\debug\steam_ch.531ccd82.tlog\link.secondary.1.tlog
f:\c++ проекты\steam_check_sale_bot\steam_check_sale_bot\x64\debug\steam_ch.531ccd82.tlog\link.write.1.tlog
